<?xml version="1.0" encoding="UTF-8"?>
<!-- Generated by org.testng.reporters.JUnitReportReporter -->
<testsuite hostname="LAPTOP-VJHEO45J" failures="0" tests="1" name="Qa.TestRunner.Qa_test_runner" time="79.183" errors="0" timestamp="2021-08-08T15:19:26 CDT" skipped="0">
  <testcase classname="Qa.TestRunner.Qa_test_runner" name="feature" time="79.183"/>
  <system-out/>
</testsuite> <!-- Qa.TestRunner.Qa_test_runner -->
